2022-04-22 16:26:27.944 | INFO |  |  |  | o.s.b.t.c.SpringBootTestContextBootstrapper | Neither @ContextConfiguration nor @ContextHierarchy found for test class [com.intraway.fizzbuzz.FizzbuzzServicesApiApplicationTests], using SpringBootContextLoader
2022-04-22 16:26:27.954 | INFO |  |  |  | o.s.t.c.s.AbstractContextLoader | Could not detect default resource locations for test class [com.intraway.fizzbuzz.FizzbuzzServicesApiApplicationTests]: no resource found for suffixes {-context.xml, Context.groovy}.
2022-04-22 16:26:27.955 | INFO |  |  |  | o.s.t.c.s.AnnotationConfigContextLoaderUtils | Could not detect default configuration classes for test class [com.intraway.fizzbuzz.FizzbuzzServicesApiApplicationTests]: FizzbuzzServicesApiApplicationTests does not declare any static, non-private, non-final, nested classes annotated with @Configuration.
2022-04-22 16:26:28.126 | INFO |  |  |  | o.s.b.t.c.SpringBootTestContextBootstrapper | Found @SpringBootConfiguration com.intraway.fizzbuzz.FizzbuzzServicesApiApplication for test class com.intraway.fizzbuzz.FizzbuzzServicesApiApplicationTests
2022-04-22 16:26:28.272 | INFO |  |  |  | o.s.b.t.c.SpringBootTestContextBootstrapper | Loaded default TestExecutionListener class names from location [META-INF/spring.factories]: [org.springframework.boot.test.mock.mockito.MockitoTestExecutionListener, org.springframework.boot.test.mock.mockito.ResetMocksTestExecutionListener, org.springframework.boot.test.autoconfigure.restdocs.RestDocsTestExecutionListener, org.springframework.boot.test.autoconfigure.web.client.MockRestServiceServerResetTestExecutionListener, org.springframework.boot.test.autoconfigure.web.servlet.MockMvcPrintOnlyOnFailureTestExecutionListener, org.springframework.boot.test.autoconfigure.web.servlet.WebDriverTestExecutionListener, org.springframework.boot.test.autoconfigure.webservices.client.MockWebServiceServerTestExecutionListener, org.springframework.test.context.web.ServletTestExecutionListener, org.springframework.test.context.support.DirtiesContextBeforeModesTestExecutionListener, org.springframework.test.context.event.ApplicationEventsTestExecutionListener, org.springframework.test.context.support.DependencyInjectionTestExecutionListener, org.springframework.test.context.support.DirtiesContextTestExecutionListener, org.springframework.test.context.transaction.TransactionalTestExecutionListener, org.springframework.test.context.jdbc.SqlScriptsTestExecutionListener, org.springframework.test.context.event.EventPublishingTestExecutionListener]
2022-04-22 16:26:28.302 | INFO |  |  |  | o.s.b.t.c.SpringBootTestContextBootstrapper | Using TestExecutionListeners: [org.springframework.test.context.web.ServletTestExecutionListener@61078690, org.springframework.test.context.support.DirtiesContextBeforeModesTestExecutionListener@1cb3ec38, org.springframework.test.context.event.ApplicationEventsTestExecutionListener@403132fc, org.springframework.boot.test.mock.mockito.MockitoTestExecutionListener@71c5b236, org.springframework.boot.test.autoconfigure.SpringBootDependencyInjectionTestExecutionListener@2cab9998, org.springframework.test.context.support.DirtiesContextTestExecutionListener@2f7a7219, org.springframework.test.context.transaction.TransactionalTestExecutionListener@669513d8, org.springframework.test.context.jdbc.SqlScriptsTestExecutionListener@3a1d593e, org.springframework.test.context.event.EventPublishingTestExecutionListener@4a8a60bc, org.springframework.boot.test.mock.mockito.ResetMocksTestExecutionListener@361c294e, org.springframework.boot.test.autoconfigure.restdocs.RestDocsTestExecutionListener@7859e786, org.springframework.boot.test.autoconfigure.web.client.MockRestServiceServerResetTestExecutionListener@285d851a, org.springframework.boot.test.autoconfigure.web.servlet.MockMvcPrintOnlyOnFailureTestExecutionListener@314b8f2d, org.springframework.boot.test.autoconfigure.web.servlet.WebDriverTestExecutionListener@664a9613, org.springframework.boot.test.autoconfigure.webservices.client.MockWebServiceServerTestExecutionListener@5118388b]
2022-04-22 16:26:29.017 | INFO |  |  |  | c.i.f.FizzbuzzServicesApiApplicationTests | Starting FizzbuzzServicesApiApplicationTests using Java 17.0.2 on MacBook-Air-de-usuario.local with PID 17120 (started by usuario1 in /Users/usuario1/uyDot/Proyectos/Services/fizzbuzz/fizzbuzz-services-api)
2022-04-22 16:26:29.019 | INFO |  |  |  | c.i.f.FizzbuzzServicesApiApplicationTests | No active profile set, falling back to 1 default profile: "default"
2022-04-22 16:26:30.110 | INFO |  |  |  | o.s.d.r.c.RepositoryConfigurationDelegate | Bootstrapping Spring Data JPA repositories in DEFAULT mode.
2022-04-22 16:26:30.335 | INFO |  |  |  | o.s.d.r.c.RepositoryConfigurationDelegate | Finished Spring Data repository scanning in 214 ms. Found 3 JPA repository interfaces.
2022-04-22 16:26:30.851 | INFO |  |  |  | o.s.c.s.PostProcessorRegistrationDelegate$BeanPostProcessorChecker | Bean 'org.springframework.ws.config.annotation.DelegatingWsConfiguration' of type [org.springframework.ws.config.annotation.DelegatingWsConfiguration$$EnhancerBySpringCGLIB$$57374865] is not eligible for getting processed by all BeanPostProcessors (for example: not eligible for auto-proxying)
2022-04-22 16:26:30.919 | INFO |  |  |  | o.s.w.s.a.s.AnnotationActionEndpointMapping | Supporting [WS-Addressing August 2004, WS-Addressing 1.0]
2022-04-22 16:26:31.314 | INFO |  |  |  | o.h.jpa.internal.util.LogHelper | HHH000204: Processing PersistenceUnitInfo [name: default]
2022-04-22 16:26:31.374 | INFO |  |  |  | org.hibernate.Version | HHH000412: Hibernate ORM core version 5.6.8.Final
2022-04-22 16:26:31.591 | INFO |  |  |  | o.h.annotations.common.Version | HCANN000001: Hibernate Commons Annotations {5.1.2.Final}
2022-04-22 16:26:31.741 | INFO |  |  |  | com.zaxxer.hikari.HikariDataSource | HikariPool-1 - Starting...
2022-04-22 16:26:31.992 | INFO |  |  |  | com.zaxxer.hikari.HikariDataSource | HikariPool-1 - Start completed.
2022-04-22 16:26:32.032 | INFO |  |  |  | org.hibernate.dialect.Dialect | HHH000400: Using dialect: org.hibernate.dialect.MySQL8Dialect
2022-04-22 16:26:33.085 | INFO |  |  |  | o.h.e.t.j.p.i.JtaPlatformInitiator | HHH000490: Using JtaPlatform implementation: [org.hibernate.engine.transaction.jta.platform.internal.NoJtaPlatform]
2022-04-22 16:26:33.095 | INFO |  |  |  | o.s.o.j.LocalContainerEntityManagerFactoryBean | Initialized JPA EntityManagerFactory for persistence unit 'default'
2022-04-22 16:26:34.123 | WARN |  |  |  | o.s.b.a.o.j.JpaBaseConfiguration$JpaWebConfiguration | spring.jpa.open-in-view is enabled by default. Therefore, database queries may be performed during view rendering. Explicitly configure spring.jpa.open-in-view to disable this warning
2022-04-22 16:26:35.575 | WARN |  |  |  | o.s.b.a.t.ThymeleafAutoConfiguration$DefaultTemplateResolverConfiguration | Cannot find template location: classpath:/templates/ (please add some templates or check your Thymeleaf configuration)
2022-04-22 16:26:36.065 | INFO |  |  |  | c.i.f.FizzbuzzServicesApiApplicationTests | Started FizzbuzzServicesApiApplicationTests in 7.681 seconds (JVM running for 9.45)
2022-04-22 16:26:36.375 | INFO |  |  |  | o.s.o.j.LocalContainerEntityManagerFactoryBean | Closing JPA EntityManagerFactory for persistence unit 'default'
2022-04-22 16:26:36.378 | INFO |  |  |  | com.zaxxer.hikari.HikariDataSource | HikariPool-1 - Shutdown initiated...
2022-04-22 16:26:36.394 | INFO |  |  |  | com.zaxxer.hikari.HikariDataSource | HikariPool-1 - Shutdown completed.
2022-04-22 16:26:57.543 | INFO |  |  |  | c.i.f.FizzbuzzServicesApiApplication | Starting FizzbuzzServicesApiApplication using Java 17.0.2 on MacBook-Air-de-usuario.local with PID 17149 (/Users/usuario1/uyDot/Proyectos/Services/fizzbuzz/fizzbuzz-services-api/target/classes started by usuario1 in /Users/usuario1/uyDot/Proyectos/Services/fizzbuzz/fizzbuzz-services-api)
2022-04-22 16:26:57.546 | INFO |  |  |  | c.i.f.FizzbuzzServicesApiApplication | No active profile set, falling back to 1 default profile: "default"
2022-04-22 16:26:57.623 | INFO |  |  |  | o.s.b.d.e.DevToolsPropertyDefaultsPostProcessor | Devtools property defaults active! Set 'spring.devtools.add-properties' to 'false' to disable
2022-04-22 16:26:57.624 | INFO |  |  |  | o.s.b.d.e.DevToolsPropertyDefaultsPostProcessor | For additional web related logging consider setting the 'logging.level.web' property to 'DEBUG'
2022-04-22 16:26:58.474 | INFO |  |  |  | o.s.d.r.c.RepositoryConfigurationDelegate | Bootstrapping Spring Data JPA repositories in DEFAULT mode.
2022-04-22 16:26:58.651 | INFO |  |  |  | o.s.d.r.c.RepositoryConfigurationDelegate | Finished Spring Data repository scanning in 166 ms. Found 3 JPA repository interfaces.
2022-04-22 16:26:59.054 | INFO |  |  |  | o.s.c.s.PostProcessorRegistrationDelegate$BeanPostProcessorChecker | Bean 'org.springframework.ws.config.annotation.DelegatingWsConfiguration' of type [org.springframework.ws.config.annotation.DelegatingWsConfiguration$$EnhancerBySpringCGLIB$$58455276] is not eligible for getting processed by all BeanPostProcessors (for example: not eligible for auto-proxying)
2022-04-22 16:26:59.096 | INFO |  |  |  | o.s.w.s.a.s.AnnotationActionEndpointMapping | Supporting [WS-Addressing August 2004, WS-Addressing 1.0]
2022-04-22 16:26:59.417 | INFO |  |  |  | o.s.b.w.e.tomcat.TomcatWebServer | Tomcat initialized with port(s): 8080 (http)
2022-04-22 16:26:59.427 | INFO |  |  |  | o.a.coyote.http11.Http11NioProtocol | Initializing ProtocolHandler ["http-nio-8080"]
2022-04-22 16:26:59.428 | INFO |  |  |  | o.a.catalina.core.StandardService | Starting service [Tomcat]
2022-04-22 16:26:59.428 | INFO |  |  |  | o.a.catalina.core.StandardEngine | Starting Servlet engine: [Apache Tomcat/9.0.62]
2022-04-22 16:26:59.525 | INFO |  |  |  | o.a.c.c.C.[.[localhost].[/intraway] | Initializing Spring embedded WebApplicationContext
2022-04-22 16:26:59.525 | INFO |  |  |  | o.s.b.w.s.c.ServletWebServerApplicationContext | Root WebApplicationContext: initialization completed in 1899 ms
2022-04-22 16:26:59.721 | INFO |  |  |  | o.h.jpa.internal.util.LogHelper | HHH000204: Processing PersistenceUnitInfo [name: default]
2022-04-22 16:26:59.764 | INFO |  |  |  | org.hibernate.Version | HHH000412: Hibernate ORM core version 5.6.8.Final
2022-04-22 16:26:59.912 | INFO |  |  |  | o.h.annotations.common.Version | HCANN000001: Hibernate Commons Annotations {5.1.2.Final}
2022-04-22 16:27:00.012 | INFO |  |  |  | com.zaxxer.hikari.HikariDataSource | HikariPool-1 - Starting...
2022-04-22 16:27:00.177 | INFO |  |  |  | com.zaxxer.hikari.HikariDataSource | HikariPool-1 - Start completed.
2022-04-22 16:27:00.203 | INFO |  |  |  | org.hibernate.dialect.Dialect | HHH000400: Using dialect: org.hibernate.dialect.MySQL8Dialect
2022-04-22 16:27:00.882 | INFO |  |  |  | o.h.e.t.j.p.i.JtaPlatformInitiator | HHH000490: Using JtaPlatform implementation: [org.hibernate.engine.transaction.jta.platform.internal.NoJtaPlatform]
2022-04-22 16:27:00.890 | INFO |  |  |  | o.s.o.j.LocalContainerEntityManagerFactoryBean | Initialized JPA EntityManagerFactory for persistence unit 'default'
2022-04-22 16:27:01.440 | WARN |  |  |  | o.s.b.a.o.j.JpaBaseConfiguration$JpaWebConfiguration | spring.jpa.open-in-view is enabled by default. Therefore, database queries may be performed during view rendering. Explicitly configure spring.jpa.open-in-view to disable this warning
2022-04-22 16:27:02.228 | WARN |  |  |  | o.s.b.a.t.ThymeleafAutoConfiguration$DefaultTemplateResolverConfiguration | Cannot find template location: classpath:/templates/ (please add some templates or check your Thymeleaf configuration)
2022-04-22 16:27:02.452 | INFO |  |  |  | o.s.b.d.a.OptionalLiveReloadServer | LiveReload server is running on port 35729
2022-04-22 16:27:02.474 | INFO |  |  |  | o.a.coyote.http11.Http11NioProtocol | Starting ProtocolHandler ["http-nio-8080"]
2022-04-22 16:27:02.492 | INFO |  |  |  | o.s.b.w.e.tomcat.TomcatWebServer | Tomcat started on port(s): 8080 (http) with context path '/intraway'
2022-04-22 16:27:02.505 | INFO |  |  |  | c.i.f.FizzbuzzServicesApiApplication | Started FizzbuzzServicesApiApplication in 5.578 seconds (JVM running for 6.757)
2022-04-22 16:27:33.891 | INFO |  |  |  | o.a.c.c.C.[.[localhost].[/intraway] | Initializing Spring DispatcherServlet 'dispatcherServlet'
2022-04-22 16:27:33.894 | INFO |  |  |  | o.s.web.servlet.DispatcherServlet | Initializing Servlet 'dispatcherServlet'
2022-04-22 16:27:33.900 | INFO |  |  |  | o.s.web.servlet.DispatcherServlet | Completed initialization in 6 ms
2022-04-22 16:27:34.568 | INFO |  |  |  | o.s.api.AbstractOpenApiResource | Init duration for springdoc-openapi is: 178 ms
2022-04-22 16:28:20.849 | INFO |  |  |  | o.s.b.a.SpringApplicationAdminMXBeanRegistrar$SpringApplicationAdmin | Application shutdown requested.
2022-04-22 16:28:20.881 | INFO |  |  |  | o.s.o.j.LocalContainerEntityManagerFactoryBean | Closing JPA EntityManagerFactory for persistence unit 'default'
2022-04-22 16:28:20.884 | INFO |  |  |  | com.zaxxer.hikari.HikariDataSource | HikariPool-1 - Shutdown initiated...
2022-04-22 16:28:20.892 | INFO |  |  |  | com.zaxxer.hikari.HikariDataSource | HikariPool-1 - Shutdown completed.
2022-04-22 16:28:43.995 | INFO |  |  |  | o.s.b.t.c.SpringBootTestContextBootstrapper | Neither @ContextConfiguration nor @ContextHierarchy found for test class [com.intraway.fizzbuzz.FizzbuzzServicesApiApplicationTests], using SpringBootContextLoader
2022-04-22 16:28:44.004 | INFO |  |  |  | o.s.t.c.s.AbstractContextLoader | Could not detect default resource locations for test class [com.intraway.fizzbuzz.FizzbuzzServicesApiApplicationTests]: no resource found for suffixes {-context.xml, Context.groovy}.
2022-04-22 16:28:44.006 | INFO |  |  |  | o.s.t.c.s.AnnotationConfigContextLoaderUtils | Could not detect default configuration classes for test class [com.intraway.fizzbuzz.FizzbuzzServicesApiApplicationTests]: FizzbuzzServicesApiApplicationTests does not declare any static, non-private, non-final, nested classes annotated with @Configuration.
2022-04-22 16:28:44.140 | INFO |  |  |  | o.s.b.t.c.SpringBootTestContextBootstrapper | Found @SpringBootConfiguration com.intraway.fizzbuzz.FizzbuzzServicesApiApplication for test class com.intraway.fizzbuzz.FizzbuzzServicesApiApplicationTests
2022-04-22 16:28:44.293 | INFO |  |  |  | o.s.b.t.c.SpringBootTestContextBootstrapper | Loaded default TestExecutionListener class names from location [META-INF/spring.factories]: [org.springframework.boot.test.mock.mockito.MockitoTestExecutionListener, org.springframework.boot.test.mock.mockito.ResetMocksTestExecutionListener, org.springframework.boot.test.autoconfigure.restdocs.RestDocsTestExecutionListener, org.springframework.boot.test.autoconfigure.web.client.MockRestServiceServerResetTestExecutionListener, org.springframework.boot.test.autoconfigure.web.servlet.MockMvcPrintOnlyOnFailureTestExecutionListener, org.springframework.boot.test.autoconfigure.web.servlet.WebDriverTestExecutionListener, org.springframework.boot.test.autoconfigure.webservices.client.MockWebServiceServerTestExecutionListener, org.springframework.test.context.web.ServletTestExecutionListener, org.springframework.test.context.support.DirtiesContextBeforeModesTestExecutionListener, org.springframework.test.context.event.ApplicationEventsTestExecutionListener, org.springframework.test.context.support.DependencyInjectionTestExecutionListener, org.springframework.test.context.support.DirtiesContextTestExecutionListener, org.springframework.test.context.transaction.TransactionalTestExecutionListener, org.springframework.test.context.jdbc.SqlScriptsTestExecutionListener, org.springframework.test.context.event.EventPublishingTestExecutionListener]
2022-04-22 16:28:44.314 | INFO |  |  |  | o.s.b.t.c.SpringBootTestContextBootstrapper | Using TestExecutionListeners: [org.springframework.test.context.web.ServletTestExecutionListener@47874b25, org.springframework.test.context.support.DirtiesContextBeforeModesTestExecutionListener@33617539, org.springframework.test.context.event.ApplicationEventsTestExecutionListener@2c177f9e, org.springframework.boot.test.mock.mockito.MockitoTestExecutionListener@5db4c359, org.springframework.boot.test.autoconfigure.SpringBootDependencyInjectionTestExecutionListener@209775a9, org.springframework.test.context.support.DirtiesContextTestExecutionListener@18e7143f, org.springframework.test.context.transaction.TransactionalTestExecutionListener@f9b7332, org.springframework.test.context.jdbc.SqlScriptsTestExecutionListener@74cec793, org.springframework.test.context.event.EventPublishingTestExecutionListener@6fefce9e, org.springframework.boot.test.mock.mockito.ResetMocksTestExecutionListener@4f8969b0, org.springframework.boot.test.autoconfigure.restdocs.RestDocsTestExecutionListener@1bdf8190, org.springframework.boot.test.autoconfigure.web.client.MockRestServiceServerResetTestExecutionListener@192f2f27, org.springframework.boot.test.autoconfigure.web.servlet.MockMvcPrintOnlyOnFailureTestExecutionListener@8a589a2, org.springframework.boot.test.autoconfigure.web.servlet.WebDriverTestExecutionListener@c65a5ef, org.springframework.boot.test.autoconfigure.webservices.client.MockWebServiceServerTestExecutionListener@6b5176f2]
2022-04-22 16:28:44.969 | INFO |  |  |  | c.i.f.FizzbuzzServicesApiApplicationTests | Starting FizzbuzzServicesApiApplicationTests using Java 17.0.2 on MacBook-Air-de-usuario.local with PID 17205 (started by usuario1 in /Users/usuario1/uyDot/Proyectos/Services/fizzbuzz/fizzbuzz-services-api)
2022-04-22 16:28:44.972 | INFO |  |  |  | c.i.f.FizzbuzzServicesApiApplicationTests | No active profile set, falling back to 1 default profile: "default"
2022-04-22 16:28:46.136 | INFO |  |  |  | o.s.d.r.c.RepositoryConfigurationDelegate | Bootstrapping Spring Data JPA repositories in DEFAULT mode.
2022-04-22 16:28:46.352 | INFO |  |  |  | o.s.d.r.c.RepositoryConfigurationDelegate | Finished Spring Data repository scanning in 205 ms. Found 3 JPA repository interfaces.
2022-04-22 16:28:46.852 | INFO |  |  |  | o.s.c.s.PostProcessorRegistrationDelegate$BeanPostProcessorChecker | Bean 'org.springframework.ws.config.annotation.DelegatingWsConfiguration' of type [org.springframework.ws.config.annotation.DelegatingWsConfiguration$$EnhancerBySpringCGLIB$$fe7ac8d6] is not eligible for getting processed by all BeanPostProcessors (for example: not eligible for auto-proxying)
2022-04-22 16:28:46.912 | INFO |  |  |  | o.s.w.s.a.s.AnnotationActionEndpointMapping | Supporting [WS-Addressing August 2004, WS-Addressing 1.0]
2022-04-22 16:28:47.276 | INFO |  |  |  | o.h.jpa.internal.util.LogHelper | HHH000204: Processing PersistenceUnitInfo [name: default]
2022-04-22 16:28:47.330 | INFO |  |  |  | org.hibernate.Version | HHH000412: Hibernate ORM core version 5.6.8.Final
2022-04-22 16:28:47.521 | INFO |  |  |  | o.h.annotations.common.Version | HCANN000001: Hibernate Commons Annotations {5.1.2.Final}
2022-04-22 16:28:47.675 | INFO |  |  |  | com.zaxxer.hikari.HikariDataSource | HikariPool-1 - Starting...
2022-04-22 16:28:47.926 | INFO |  |  |  | com.zaxxer.hikari.HikariDataSource | HikariPool-1 - Start completed.
2022-04-22 16:28:47.962 | INFO |  |  |  | org.hibernate.dialect.Dialect | HHH000400: Using dialect: org.hibernate.dialect.MySQL8Dialect
2022-04-22 16:28:48.807 | INFO |  |  |  | o.h.e.t.j.p.i.JtaPlatformInitiator | HHH000490: Using JtaPlatform implementation: [org.hibernate.engine.transaction.jta.platform.internal.NoJtaPlatform]
2022-04-22 16:28:48.821 | INFO |  |  |  | o.s.o.j.LocalContainerEntityManagerFactoryBean | Initialized JPA EntityManagerFactory for persistence unit 'default'
2022-04-22 16:28:49.842 | WARN |  |  |  | o.s.b.a.o.j.JpaBaseConfiguration$JpaWebConfiguration | spring.jpa.open-in-view is enabled by default. Therefore, database queries may be performed during view rendering. Explicitly configure spring.jpa.open-in-view to disable this warning
2022-04-22 16:28:51.219 | WARN |  |  |  | o.s.b.a.t.ThymeleafAutoConfiguration$DefaultTemplateResolverConfiguration | Cannot find template location: classpath:/templates/ (please add some templates or check your Thymeleaf configuration)
2022-04-22 16:28:51.662 | INFO |  |  |  | c.i.f.FizzbuzzServicesApiApplicationTests | Started FizzbuzzServicesApiApplicationTests in 7.281 seconds (JVM running for 8.841)
2022-04-22 16:28:51.991 | INFO |  |  |  | o.s.o.j.LocalContainerEntityManagerFactoryBean | Closing JPA EntityManagerFactory for persistence unit 'default'
2022-04-22 16:28:51.994 | INFO |  |  |  | com.zaxxer.hikari.HikariDataSource | HikariPool-1 - Shutdown initiated...
2022-04-22 16:28:52.009 | INFO |  |  |  | com.zaxxer.hikari.HikariDataSource | HikariPool-1 - Shutdown completed.
